2017-03-27 21:00:08,944 [Worker-20] INFO  o.e.m.c.i.l.LifecycleMappingFactory - Using NULL lifecycle mapping for MavenProject: mg.jerytodik:jerytodik-root:1.0-RELEASE @ /Users/andriantomanga/Desktop/workspace-one/jerytodik/workspace/jerytodik-root/pom.xml.
2017-03-27 21:00:57,557 [Worker-22] INFO  o.e.m.c.i.l.LifecycleMappingFactory - Using org.eclipse.m2e.jdt.JarLifecycleMapping lifecycle mapping for MavenProject: mg.jerytodik:jerytodik-common:0.0.1-SNAPSHOT @ /Users/andriantomanga/Desktop/workspace-one/jerytodik/workspace/jerytodik-common/pom.xml.
2017-03-27 21:00:58,253 [Worker-22] INFO  o.e.m.j.i.AbstractJavaProjectConfigurator - Adding source folder /jerytodik-common/src/main/java
2017-03-27 21:00:58,255 [Worker-22] INFO  o.e.m.j.i.AbstractJavaProjectConfigurator - Adding resource folder /jerytodik-common/src/main/resources
2017-03-27 21:00:58,256 [Worker-22] INFO  o.e.m.j.i.AbstractJavaProjectConfigurator - Adding source folder /jerytodik-common/src/test/java
2017-03-27 21:00:58,256 [Worker-22] INFO  o.e.m.j.i.AbstractJavaProjectConfigurator - Adding resource folder /jerytodik-common/src/test/resources
2017-03-27 21:01:01,435 [Worker-22] WARN  o.e.m.c.i.embedder.EclipseLogger - Using platform encoding (UTF-8 actually) to copy filtered resources, i.e. build is platform dependent!
2017-03-27 21:01:01,453 [Worker-22] INFO  o.e.m.c.i.embedder.EclipseLogger - Copying 0 resource
2017-03-27 21:01:01,456 [Worker-22] WARN  o.e.m.c.i.embedder.EclipseLogger - Using platform encoding (UTF-8 actually) to copy filtered resources, i.e. build is platform dependent!
2017-03-27 21:01:01,456 [Worker-22] INFO  o.e.m.c.i.embedder.EclipseLogger - Copying 0 resource
2017-03-27 21:01:54,873 [Worker-22] INFO  o.e.m.c.i.l.LifecycleMappingFactory - Using NULL lifecycle mapping for MavenProject: mg.jerytodik:jerytodik-root:1.0-RELEASE @ /Users/andriantomanga/Desktop/workspace-one/jerytodik/workspace/jerytodik-root/pom.xml.
2017-03-27 21:02:04,374 [Worker-20] INFO  o.e.m.c.i.l.LifecycleMappingFactory - Using NULL lifecycle mapping for MavenProject: mg.jerytodik:jerytodik-root:1.0-RELEASE @ /Users/andriantomanga/Desktop/workspace-one/jerytodik/workspace/jerytodik-root/pom.xml.
2017-03-27 21:02:54,446 [Worker-23] INFO  o.e.m.c.i.l.LifecycleMappingFactory - Using NULL lifecycle mapping for MavenProject: mg.jerytodik:jerytodik-root:1.0-RELEASE @ /Users/andriantomanga/Desktop/workspace-one/jerytodik/workspace/jerytodik-root/pom.xml.
2017-03-27 21:03:41,198 [Worker-20] INFO  o.e.m.c.i.l.LifecycleMappingFactory - Using NULL lifecycle mapping for MavenProject: mg.jerytodik:jerytodik-root:1.0-RELEASE @ /Users/andriantomanga/Desktop/workspace-one/jerytodik/workspace/jerytodik-root/pom.xml.
2017-03-27 21:04:00,196 [Worker-24] INFO  o.e.m.c.i.l.LifecycleMappingFactory - Using NULL lifecycle mapping for MavenProject: mg.jerytodik:jerytodik-root:1.0-RELEASE @ /Users/andriantomanga/Desktop/workspace-one/jerytodik/workspace/jerytodik-root/pom.xml.
2017-03-27 21:04:16,842 [Worker-24] INFO  o.e.m.c.i.l.LifecycleMappingFactory - Using NULL lifecycle mapping for MavenProject: mg.jerytodik:jerytodik-root:1.0-RELEASE @ /Users/andriantomanga/Desktop/workspace-one/jerytodik/workspace/jerytodik-root/pom.xml.
2017-03-27 21:05:29,134 [Worker-10] INFO  o.e.m.c.i.l.LifecycleMappingFactory - Using NULL lifecycle mapping for MavenProject: mg.jerytodik:jerytodik-root:1.0-RELEASE @ /Users/andriantomanga/Desktop/workspace-one/jerytodik/workspace/jerytodik-root/pom.xml.
2017-03-27 21:05:36,660 [Worker-10] INFO  o.e.m.c.i.l.LifecycleMappingFactory - Using NULL lifecycle mapping for MavenProject: mg.jerytodik:jerytodik-root:1.0-RELEASE @ /Users/andriantomanga/Desktop/workspace-one/jerytodik/workspace/jerytodik-root/pom.xml.
2017-03-27 21:06:17,812 [Worker-8] INFO  o.e.m.c.i.l.LifecycleMappingFactory - Using NULL lifecycle mapping for MavenProject: mg.jerytodik:jerytodik-root:1.0-RELEASE @ /Users/andriantomanga/Desktop/workspace-one/jerytodik/workspace/jerytodik-root/pom.xml.
2017-03-27 21:06:27,426 [Worker-23] INFO  o.e.m.c.i.l.LifecycleMappingFactory - Using NULL lifecycle mapping for MavenProject: mg.jerytodik:jerytodik-root:1.0-RELEASE @ /Users/andriantomanga/Desktop/workspace-one/jerytodik/workspace/jerytodik-root/pom.xml.
2017-03-27 21:10:55,449 [Worker-8] INFO  o.e.m.c.i.l.LifecycleMappingFactory - Using NULL lifecycle mapping for MavenProject: mg.jerytodik:jerytodik-root:1.0-RELEASE @ /Users/andriantomanga/Desktop/workspace-one/jerytodik/workspace/jerytodik-root/pom.xml.
2017-03-27 21:11:14,280 [Worker-8] INFO  o.e.m.c.i.l.LifecycleMappingFactory - Using org.eclipse.m2e.jdt.JarLifecycleMapping lifecycle mapping for MavenProject: mg.jerytodik:jerytodik-common:1.0-RELEASE @ /Users/andriantomanga/Desktop/workspace-one/jerytodik/workspace/jerytodik-common/pom.xml.
2017-03-27 21:11:14,454 [Worker-8] INFO  o.e.m.c.i.embedder.EclipseLogger - Using 'UTF-8' encoding to copy filtered resources.
2017-03-27 21:11:14,457 [Worker-8] INFO  o.e.m.c.i.embedder.EclipseLogger - Copying 0 resource
2017-03-27 21:11:14,460 [Worker-8] INFO  o.e.m.c.i.embedder.EclipseLogger - Using 'UTF-8' encoding to copy filtered resources.
2017-03-27 21:11:14,460 [Worker-8] INFO  o.e.m.c.i.embedder.EclipseLogger - Copying 0 resource
2017-03-27 21:12:34,714 [Worker-20] INFO  o.e.m.c.i.l.LifecycleMappingFactory - Using org.eclipse.m2e.jdt.JarLifecycleMapping lifecycle mapping for MavenProject: mg.jerytodik:jerytodik-common:1.0-RELEASE @ /Users/andriantomanga/Desktop/workspace-one/jerytodik/workspace/jerytodik-common/pom.xml.
2017-03-27 21:12:34,972 [Worker-20] INFO  o.e.m.c.i.embedder.EclipseLogger - Using 'UTF-8' encoding to copy filtered resources.
2017-03-27 21:12:34,976 [Worker-20] INFO  o.e.m.c.i.embedder.EclipseLogger - Copying 0 resource
2017-03-27 21:12:34,978 [Worker-20] INFO  o.e.m.c.i.embedder.EclipseLogger - Using 'UTF-8' encoding to copy filtered resources.
2017-03-27 21:12:34,978 [Worker-20] INFO  o.e.m.c.i.embedder.EclipseLogger - Copying 0 resource
2017-03-27 21:12:36,389 [Worker-8] INFO  o.e.m.c.i.embedder.EclipseLogger - Using 'UTF-8' encoding to copy filtered resources.
2017-03-27 21:12:36,392 [Worker-8] INFO  o.e.m.c.i.embedder.EclipseLogger - Copying 0 resource
2017-03-27 21:12:36,394 [Worker-8] INFO  o.e.m.c.i.embedder.EclipseLogger - Using 'UTF-8' encoding to copy filtered resources.
2017-03-27 21:12:36,394 [Worker-8] INFO  o.e.m.c.i.embedder.EclipseLogger - Copying 0 resource
2017-03-27 21:12:58,809 [Worker-24] INFO  o.e.m.c.i.l.LifecycleMappingFactory - Using NULL lifecycle mapping for MavenProject: mg.jerytodik:jerytodik-root:1.0-RELEASE @ /Users/andriantomanga/Desktop/workspace-one/jerytodik/workspace/jerytodik-root/pom.xml.
2017-03-27 21:13:26,790 [Worker-10] INFO  o.e.m.c.i.p.ProjectConfigurationManager - Update started
2017-03-27 21:13:27,145 [Worker-10] INFO  o.e.m.c.i.l.LifecycleMappingFactory - Using org.eclipse.m2e.jdt.JarLifecycleMapping lifecycle mapping for MavenProject: mg.jerytodik:jerytodik-common:1.0-RELEASE @ /Users/andriantomanga/Desktop/workspace-one/jerytodik/workspace/jerytodik-common/pom.xml.
2017-03-27 21:13:27,166 [Worker-10] INFO  o.e.m.c.i.l.LifecycleMappingFactory - Using NULL lifecycle mapping for MavenProject: mg.jerytodik:jerytodik-root:1.0-RELEASE @ /Users/andriantomanga/Desktop/workspace-one/jerytodik/workspace/jerytodik-root/pom.xml.
2017-03-27 21:13:27,300 [Worker-10] INFO  o.e.m.j.i.AbstractJavaProjectConfigurator - Adding source folder /jerytodik-common/src/main/java
2017-03-27 21:13:27,301 [Worker-10] INFO  o.e.m.j.i.AbstractJavaProjectConfigurator - Adding resource folder /jerytodik-common/src/main/resources
2017-03-27 21:13:27,305 [Worker-10] INFO  o.e.m.j.i.AbstractJavaProjectConfigurator - Adding source folder /jerytodik-common/src/test/java
2017-03-27 21:13:27,305 [Worker-10] INFO  o.e.m.j.i.AbstractJavaProjectConfigurator - Adding resource folder /jerytodik-common/src/test/resources
2017-03-27 21:13:27,470 [Worker-10] INFO  o.e.m.c.i.p.ProjectConfigurationManager - Update completed: 0 sec
2017-03-27 21:13:27,625 [Worker-24] INFO  o.e.m.c.i.embedder.EclipseLogger - Using 'UTF-8' encoding to copy filtered resources.
2017-03-27 21:13:27,625 [Worker-24] INFO  o.e.m.c.i.embedder.EclipseLogger - Copying 0 resource
2017-03-27 21:13:27,627 [Worker-24] INFO  o.e.m.c.i.embedder.EclipseLogger - Using 'UTF-8' encoding to copy filtered resources.
2017-03-27 21:13:27,628 [Worker-24] INFO  o.e.m.c.i.embedder.EclipseLogger - Copying 0 resource
2017-03-27 21:15:59,094 [Worker-10] INFO  o.e.m.c.i.l.LifecycleMappingFactory - Using NULL lifecycle mapping for MavenProject: mg.jerytodik:jerytodik-root:1.0-RELEASE @ /Users/andriantomanga/Desktop/workspace-one/jerytodik/workspace/jerytodik-root/pom.xml.
2017-03-27 21:16:02,372 [Worker-10] INFO  o.e.m.c.i.l.LifecycleMappingFactory - Using NULL lifecycle mapping for MavenProject: mg.jerytodik:jerytodik-root:1.0-RELEASE @ /Users/andriantomanga/Desktop/workspace-one/jerytodik/workspace/jerytodik-root/pom.xml.
2017-03-27 21:18:02,379 [Worker-8] ERROR o.e.m2e.editor.pom.MavenPomEditor - failed to load maven project for org.eclipse.ui.part.FileEditorInput(/jerytodik-root/pom.xml)
org.eclipse.core.runtime.CoreException: Could not read maven project
	at org.eclipse.m2e.core.internal.project.registry.ProjectRegistryManager.readProjectWithDependencies(ProjectRegistryManager.java:804) ~[na:na]
	at org.eclipse.m2e.core.internal.project.registry.ProjectRegistryManager$6.call(ProjectRegistryManager.java:999) ~[na:na]
	at org.eclipse.m2e.core.internal.project.registry.ProjectRegistryManager$6.call(ProjectRegistryManager.java:1) ~[na:na]
	at com.google.common.cache.LocalCache$LocalManualCache$1.load(LocalCache.java:4724) ~[na:na]
	at com.google.common.cache.LocalCache$LoadingValueReference.loadFuture(LocalCache.java:3522) ~[na:na]
	at com.google.common.cache.LocalCache$Segment.loadSync(LocalCache.java:2315) ~[na:na]
	at com.google.common.cache.LocalCache$Segment.lockedGetOrLoad(LocalCache.java:2278) ~[na:na]
	at com.google.common.cache.LocalCache$Segment.get(LocalCache.java:2193) ~[na:na]
	at com.google.common.cache.LocalCache.get(LocalCache.java:3932) ~[na:na]
	at com.google.common.cache.LocalCache$LocalManualCache.get(LocalCache.java:4721) ~[na:na]
	at org.eclipse.m2e.core.internal.project.registry.ProjectRegistryManager.getMavenProject(ProjectRegistryManager.java:997) ~[na:na]
	at org.eclipse.m2e.core.internal.project.registry.MavenProjectFacade.getMavenProject(MavenProjectFacade.java:242) ~[na:na]
	at org.eclipse.m2e.core.ui.internal.actions.SelectionUtil.getMavenProject(SelectionUtil.java:261) ~[org.eclipse.m2e.core.ui_1.6.2.20150902-0002.jar:na]
	at org.eclipse.m2e.editor.pom.MavenPomEditor.readMavenProject(MavenPomEditor.java:729) ~[na:na]
	at org.eclipse.m2e.editor.pom.MavenPomEditor$5.run(MavenPomEditor.java:1050) ~[na:na]
	at org.eclipse.core.internal.jobs.Worker.run(Worker.java:55) [org.eclipse.core.jobs_3.7.0.v20150330-2103.jar:na]
2017-03-27 21:18:02,508 [Worker-8] ERROR o.e.m.c.i.p.r.ProjectRegistryManager - Could not read pom.xml
org.eclipse.core.runtime.CoreException: Could not read pom.xml
	at org.eclipse.m2e.core.internal.embedder.MavenImpl.readModel(MavenImpl.java:565) ~[org.eclipse.m2e.core_1.6.2.20150902-0002.jar:na]
	at org.eclipse.m2e.core.internal.embedder.MavenImpl.readModel(MavenImpl.java:574) ~[org.eclipse.m2e.core_1.6.2.20150902-0002.jar:na]
	at org.eclipse.m2e.core.internal.project.registry.ProjectRegistryManager.refreshPhase2(ProjectRegistryManager.java:541) [org.eclipse.m2e.core_1.6.2.20150902-0002.jar:na]
	at org.eclipse.m2e.core.internal.project.registry.ProjectRegistryManager.refresh(ProjectRegistryManager.java:497) [org.eclipse.m2e.core_1.6.2.20150902-0002.jar:na]
	at org.eclipse.m2e.core.internal.project.registry.ProjectRegistryManager.refresh(ProjectRegistryManager.java:350) [org.eclipse.m2e.core_1.6.2.20150902-0002.jar:na]
	at org.eclipse.m2e.core.internal.project.registry.ProjectRegistryManager.refresh(ProjectRegistryManager.java:297) [org.eclipse.m2e.core_1.6.2.20150902-0002.jar:na]
	at org.eclipse.m2e.core.internal.builder.MavenBuilder$BuildMethod.getProjectFacade(MavenBuilder.java:154) [org.eclipse.m2e.core_1.6.2.20150902-0002.jar:na]
	at org.eclipse.m2e.core.internal.builder.MavenBuilder$BuildMethod$1.call(MavenBuilder.java:89) [org.eclipse.m2e.core_1.6.2.20150902-0002.jar:na]
	at org.eclipse.m2e.core.internal.embedder.MavenExecutionContext.executeBare(MavenExecutionContext.java:176) [org.eclipse.m2e.core_1.6.2.20150902-0002.jar:na]
	at org.eclipse.m2e.core.internal.embedder.MavenExecutionContext.execute(MavenExecutionContext.java:151) [org.eclipse.m2e.core_1.6.2.20150902-0002.jar:na]
	at org.eclipse.m2e.core.internal.embedder.MavenExecutionContext.execute(MavenExecutionContext.java:99) [org.eclipse.m2e.core_1.6.2.20150902-0002.jar:na]
	at org.eclipse.m2e.core.internal.builder.MavenBuilder$BuildMethod.execute(MavenBuilder.java:86) [org.eclipse.m2e.core_1.6.2.20150902-0002.jar:na]
	at org.eclipse.m2e.core.internal.builder.MavenBuilder.build(MavenBuilder.java:200) [org.eclipse.m2e.core_1.6.2.20150902-0002.jar:na]
	at org.eclipse.core.internal.events.BuildManager$2.run(BuildManager.java:734) [org.eclipse.core.resources_3.10.1.v20150725-1910.jar:na]
	at org.eclipse.core.runtime.SafeRunner.run(SafeRunner.java:42) [org.eclipse.equinox.common_3.7.0.v20150402-1709.jar:na]
	at org.eclipse.core.internal.events.BuildManager.basicBuild(BuildManager.java:205) [org.eclipse.core.resources_3.10.1.v20150725-1910.jar:na]
	at org.eclipse.core.internal.events.BuildManager.basicBuild(BuildManager.java:245) [org.eclipse.core.resources_3.10.1.v20150725-1910.jar:na]
	at org.eclipse.core.internal.events.BuildManager$1.run(BuildManager.java:300) [org.eclipse.core.resources_3.10.1.v20150725-1910.jar:na]
	at org.eclipse.core.runtime.SafeRunner.run(SafeRunner.java:42) [org.eclipse.equinox.common_3.7.0.v20150402-1709.jar:na]
	at org.eclipse.core.internal.events.BuildManager.basicBuild(BuildManager.java:303) [org.eclipse.core.resources_3.10.1.v20150725-1910.jar:na]
	at org.eclipse.core.internal.events.BuildManager.basicBuildLoop(BuildManager.java:359) [org.eclipse.core.resources_3.10.1.v20150725-1910.jar:na]
	at org.eclipse.core.internal.events.BuildManager.build(BuildManager.java:382) [org.eclipse.core.resources_3.10.1.v20150725-1910.jar:na]
	at org.eclipse.core.internal.events.AutoBuildJob.doBuild(AutoBuildJob.java:144) [org.eclipse.core.resources_3.10.1.v20150725-1910.jar:na]
	at org.eclipse.core.internal.events.AutoBuildJob.run(AutoBuildJob.java:235) [org.eclipse.core.resources_3.10.1.v20150725-1910.jar:na]
	at org.eclipse.core.internal.jobs.Worker.run(Worker.java:55) [org.eclipse.core.jobs_3.7.0.v20150330-2103.jar:na]
Caused by: org.apache.maven.model.io.ModelParseException: expected START_TAG or END_TAG not TEXT (position: TEXT seen ...</organization>\n\t\t\t<roles>\n\t\t\t\tdeveloper\n\t\t\t</... @18:6) 
	at org.apache.maven.model.io.DefaultModelReader.read(DefaultModelReader.java:130) ~[maven-model-builder-3.3.3.jar:3.3.3]
	at org.apache.maven.model.io.DefaultModelReader.read(DefaultModelReader.java:94) ~[maven-model-builder-3.3.3.jar:3.3.3]
	at org.eclipse.m2e.core.internal.embedder.MavenImpl.readModel(MavenImpl.java:563) ~[org.eclipse.m2e.core_1.6.2.20150902-0002.jar:na]
	... 24 common frames omitted
Caused by: org.codehaus.plexus.util.xml.pull.XmlPullParserException: expected START_TAG or END_TAG not TEXT (position: TEXT seen ...</organization>\n\t\t\t<roles>\n\t\t\t\tdeveloper\n\t\t\t</... @18:6) 
	at org.codehaus.plexus.util.xml.pull.MXParser.nextTag(MXParser.java:1121) ~[plexus-utils-3.0.20.jar:na]
	at org.apache.maven.model.io.xpp3.MavenXpp3Reader.parseDeveloper(MavenXpp3Reader.java:1551) ~[maven-model-3.3.3.jar:3.3.3]
	at org.apache.maven.model.io.xpp3.MavenXpp3Reader.parseModel(MavenXpp3Reader.java:2100) ~[maven-model-3.3.3.jar:3.3.3]
	at org.apache.maven.model.io.xpp3.MavenXpp3Reader.read(MavenXpp3Reader.java:3807) ~[maven-model-3.3.3.jar:3.3.3]
	at org.apache.maven.model.io.xpp3.MavenXpp3Reader.read(MavenXpp3Reader.java:557) ~[maven-model-3.3.3.jar:3.3.3]
	at org.apache.maven.model.io.DefaultModelReader.read(DefaultModelReader.java:125) ~[maven-model-builder-3.3.3.jar:3.3.3]
	... 26 common frames omitted
2017-03-27 21:18:02,517 [Worker-8] ERROR o.e.m.c.internal.embedder.MavenImpl - Could not read parent project
org.apache.maven.project.ProjectBuildingException: 1 problem was encountered while building the effective model
[FATAL] Non-parseable POM /Users/andriantomanga/Desktop/workspace-one/jerytodik/workspace/jerytodik-root/pom.xml: expected START_TAG or END_TAG not TEXT (position: TEXT seen ...</organization>\n\t\t\t<roles>\n\t\t\t\tdeveloper\n\t\t\t</... @18:6)  @ line 18, column 6
 for project  at /Users/andriantomanga/Desktop/workspace-one/jerytodik/workspace/jerytodik-root/pom.xml
	at org.apache.maven.project.DefaultProjectBuilder.build(DefaultProjectBuilder.java:168) ~[maven-core-3.3.3.jar:3.3.3]
	at org.apache.maven.project.DefaultProjectBuilder.build(DefaultProjectBuilder.java:119) ~[maven-core-3.3.3.jar:3.3.3]
	at org.eclipse.m2e.core.internal.embedder.MavenImpl.resolveParentProject(MavenImpl.java:683) [org.eclipse.m2e.core_1.6.2.20150902-0002.jar:na]
	at org.eclipse.m2e.core.internal.embedder.MavenImpl$4.call(MavenImpl.java:709) [org.eclipse.m2e.core_1.6.2.20150902-0002.jar:na]
	at org.eclipse.m2e.core.internal.embedder.MavenImpl$4.call(MavenImpl.java:1) [org.eclipse.m2e.core_1.6.2.20150902-0002.jar:na]
	at org.eclipse.m2e.core.internal.embedder.MavenExecutionContext.executeBare(MavenExecutionContext.java:176) [org.eclipse.m2e.core_1.6.2.20150902-0002.jar:na]
	at org.eclipse.m2e.core.internal.embedder.MavenExecutionContext.execute(MavenExecutionContext.java:112) [org.eclipse.m2e.core_1.6.2.20150902-0002.jar:na]
	at org.eclipse.m2e.core.internal.embedder.MavenImpl.resolveParentProject(MavenImpl.java:707) [org.eclipse.m2e.core_1.6.2.20150902-0002.jar:na]
	at org.eclipse.m2e.core.internal.lifecyclemapping.LifecycleMappingFactory.getPomMappingMetadataSources(LifecycleMappingFactory.java:834) [org.eclipse.m2e.core_1.6.2.20150902-0002.jar:na]
	at org.eclipse.m2e.core.internal.lifecyclemapping.LifecycleMappingFactory.getProjectMetadataSourcesMap(LifecycleMappingFactory.java:276) [org.eclipse.m2e.core_1.6.2.20150902-0002.jar:na]
	at org.eclipse.m2e.core.internal.lifecyclemapping.LifecycleMappingFactory.getProjectMetadataSources(LifecycleMappingFactory.java:254) [org.eclipse.m2e.core_1.6.2.20150902-0002.jar:na]
	at org.eclipse.m2e.core.internal.lifecyclemapping.LifecycleMappingFactory.calculateEffectiveLifecycleMappingMetadata(LifecycleMappingFactory.java:238) [org.eclipse.m2e.core_1.6.2.20150902-0002.jar:na]
	at org.eclipse.m2e.core.internal.lifecyclemapping.LifecycleMappingFactory.calculateLifecycleMapping(LifecycleMappingFactory.java:179) [org.eclipse.m2e.core_1.6.2.20150902-0002.jar:na]
	at org.eclipse.m2e.core.internal.project.registry.ProjectRegistryManager.setupLifecycleMapping(ProjectRegistryManager.java:593) [org.eclipse.m2e.core_1.6.2.20150902-0002.jar:na]
	at org.eclipse.m2e.core.internal.project.registry.ProjectRegistryManager.refreshPhase2(ProjectRegistryManager.java:512) [org.eclipse.m2e.core_1.6.2.20150902-0002.jar:na]
	at org.eclipse.m2e.core.internal.project.registry.ProjectRegistryManager$3.call(ProjectRegistryManager.java:491) [org.eclipse.m2e.core_1.6.2.20150902-0002.jar:na]
	at org.eclipse.m2e.core.internal.project.registry.ProjectRegistryManager$3.call(ProjectRegistryManager.java:1) [org.eclipse.m2e.core_1.6.2.20150902-0002.jar:na]
	at org.eclipse.m2e.core.internal.embedder.MavenExecutionContext.executeBare(MavenExecutionContext.java:176) [org.eclipse.m2e.core_1.6.2.20150902-0002.jar:na]
	at org.eclipse.m2e.core.internal.embedder.MavenExecutionContext.execute(MavenExecutionContext.java:151) [org.eclipse.m2e.core_1.6.2.20150902-0002.jar:na]
	at org.eclipse.m2e.core.internal.project.registry.ProjectRegistryManager.refresh(ProjectRegistryManager.java:495) [org.eclipse.m2e.core_1.6.2.20150902-0002.jar:na]
	at org.eclipse.m2e.core.internal.project.registry.ProjectRegistryManager.refresh(ProjectRegistryManager.java:350) [org.eclipse.m2e.core_1.6.2.20150902-0002.jar:na]
	at org.eclipse.m2e.core.internal.project.registry.ProjectRegistryManager.refresh(ProjectRegistryManager.java:297) [org.eclipse.m2e.core_1.6.2.20150902-0002.jar:na]
	at org.eclipse.m2e.core.internal.builder.MavenBuilder$BuildMethod.getProjectFacade(MavenBuilder.java:154) [org.eclipse.m2e.core_1.6.2.20150902-0002.jar:na]
	at org.eclipse.m2e.core.internal.builder.MavenBuilder$BuildMethod$1.call(MavenBuilder.java:89) [org.eclipse.m2e.core_1.6.2.20150902-0002.jar:na]
	at org.eclipse.m2e.core.internal.embedder.MavenExecutionContext.executeBare(MavenExecutionContext.java:176) [org.eclipse.m2e.core_1.6.2.20150902-0002.jar:na]
	at org.eclipse.m2e.core.internal.embedder.MavenExecutionContext.execute(MavenExecutionContext.java:151) [org.eclipse.m2e.core_1.6.2.20150902-0002.jar:na]
	at org.eclipse.m2e.core.internal.embedder.MavenExecutionContext.execute(MavenExecutionContext.java:99) [org.eclipse.m2e.core_1.6.2.20150902-0002.jar:na]
	at org.eclipse.m2e.core.internal.builder.MavenBuilder$BuildMethod.execute(MavenBuilder.java:86) [org.eclipse.m2e.core_1.6.2.20150902-0002.jar:na]
	at org.eclipse.m2e.core.internal.builder.MavenBuilder.build(MavenBuilder.java:200) [org.eclipse.m2e.core_1.6.2.20150902-0002.jar:na]
	at org.eclipse.core.internal.events.BuildManager$2.run(BuildManager.java:734) [org.eclipse.core.resources_3.10.1.v20150725-1910.jar:na]
	at org.eclipse.core.runtime.SafeRunner.run(SafeRunner.java:42) [org.eclipse.equinox.common_3.7.0.v20150402-1709.jar:na]
	at org.eclipse.core.internal.events.BuildManager.basicBuild(BuildManager.java:205) [org.eclipse.core.resources_3.10.1.v20150725-1910.jar:na]
	at org.eclipse.core.internal.events.BuildManager.basicBuild(BuildManager.java:245) [org.eclipse.core.resources_3.10.1.v20150725-1910.jar:na]
	at org.eclipse.core.internal.events.BuildManager$1.run(BuildManager.java:300) [org.eclipse.core.resources_3.10.1.v20150725-1910.jar:na]
	at org.eclipse.core.runtime.SafeRunner.run(SafeRunner.java:42) [org.eclipse.equinox.common_3.7.0.v20150402-1709.jar:na]
	at org.eclipse.core.internal.events.BuildManager.basicBuild(BuildManager.java:303) [org.eclipse.core.resources_3.10.1.v20150725-1910.jar:na]
	at org.eclipse.core.internal.events.BuildManager.basicBuildLoop(BuildManager.java:359) [org.eclipse.core.resources_3.10.1.v20150725-1910.jar:na]
	at org.eclipse.core.internal.events.BuildManager.build(BuildManager.java:382) [org.eclipse.core.resources_3.10.1.v20150725-1910.jar:na]
	at org.eclipse.core.internal.events.AutoBuildJob.doBuild(AutoBuildJob.java:144) [org.eclipse.core.resources_3.10.1.v20150725-1910.jar:na]
	at org.eclipse.core.internal.events.AutoBuildJob.run(AutoBuildJob.java:235) [org.eclipse.core.resources_3.10.1.v20150725-1910.jar:na]
	at org.eclipse.core.internal.jobs.Worker.run(Worker.java:55) [org.eclipse.core.jobs_3.7.0.v20150330-2103.jar:na]
Caused by: org.apache.maven.model.building.ModelBuildingException: 1 problem was encountered while building the effective model
[FATAL] Non-parseable POM /Users/andriantomanga/Desktop/workspace-one/jerytodik/workspace/jerytodik-root/pom.xml: expected START_TAG or END_TAG not TEXT (position: TEXT seen ...</organization>\n\t\t\t<roles>\n\t\t\t\tdeveloper\n\t\t\t</... @18:6)  @ line 18, column 6

	at org.apache.maven.model.building.DefaultModelProblemCollector.newModelBuildingException(DefaultModelProblemCollector.java:197) ~[maven-model-builder-3.3.3.jar:3.3.3]
	at org.apache.maven.model.building.DefaultModelBuilder.readModel(DefaultModelBuilder.java:575) ~[maven-model-builder-3.3.3.jar:3.3.3]
	at org.apache.maven.model.building.DefaultModelBuilder.build(DefaultModelBuilder.java:269) ~[maven-model-builder-3.3.3.jar:3.3.3]
	at org.apache.maven.project.DefaultProjectBuilder.build(DefaultProjectBuilder.java:161) ~[maven-core-3.3.3.jar:3.3.3]
	... 40 common frames omitted
2017-03-27 21:18:02,541 [Worker-8] INFO  o.e.m.c.i.l.LifecycleMappingFactory - Using org.eclipse.m2e.jdt.JarLifecycleMapping lifecycle mapping for MavenProject: mg.jerytodik:jerytodik-common:1.0-RELEASE @ /Users/andriantomanga/Desktop/workspace-one/jerytodik/workspace/jerytodik-common/pom.xml.
2017-03-27 21:18:31,497 [Worker-20] INFO  o.e.m.c.i.l.LifecycleMappingFactory - Using NULL lifecycle mapping for MavenProject: mg.jerytodik:jerytodik-root:1.0-RELEASE @ /Users/andriantomanga/Desktop/workspace-one/jerytodik/workspace/jerytodik-root/pom.xml.
2017-03-27 21:18:31,532 [Worker-20] INFO  o.e.m.c.i.l.LifecycleMappingFactory - Using org.eclipse.m2e.jdt.JarLifecycleMapping lifecycle mapping for MavenProject: mg.jerytodik:jerytodik-common:1.0-RELEASE @ /Users/andriantomanga/Desktop/workspace-one/jerytodik/workspace/jerytodik-common/pom.xml.
2017-03-27 21:18:32,779 [Worker-8] INFO  o.e.m.c.i.embedder.EclipseLogger - Using 'UTF-8' encoding to copy filtered resources.
2017-03-27 21:18:32,781 [Worker-8] INFO  o.e.m.c.i.embedder.EclipseLogger - Copying 0 resource
2017-03-27 21:18:32,782 [Worker-8] INFO  o.e.m.c.i.embedder.EclipseLogger - Using 'UTF-8' encoding to copy filtered resources.
2017-03-27 21:18:32,783 [Worker-8] INFO  o.e.m.c.i.embedder.EclipseLogger - Copying 0 resource
2017-03-27 21:19:15,534 [Worker-23] INFO  o.e.m.c.i.l.LifecycleMappingFactory - Using NULL lifecycle mapping for MavenProject: mg.jerytodik:jerytodik-root:1.0-RELEASE @ /Users/andriantomanga/Desktop/workspace-one/jerytodik/workspace/jerytodik-root/pom.xml.
2017-03-27 21:19:22,999 [Worker-22] INFO  o.e.m.c.i.l.LifecycleMappingFactory - Using NULL lifecycle mapping for MavenProject: mg.jerytodik:jerytodik-root:1.0-RELEASE @ /Users/andriantomanga/Desktop/workspace-one/jerytodik/workspace/jerytodik-root/pom.xml.
2017-03-27 21:19:49,608 [Worker-20] INFO  o.e.m.c.i.l.LifecycleMappingFactory - Using NULL lifecycle mapping for MavenProject: mg.jerytodik:jerytodik-root:1.0-RELEASE @ /Users/andriantomanga/Desktop/workspace-one/jerytodik/workspace/jerytodik-root/pom.xml.
2017-03-27 21:22:22,327 [Worker-20] INFO  o.e.m.c.i.l.LifecycleMappingFactory - Using org.eclipse.m2e.jdt.JarLifecycleMapping lifecycle mapping for MavenProject: mg.jerytodik:jerytodik-business:0.0.1-SNAPSHOT @ /Users/andriantomanga/Desktop/workspace-one/jerytodik/workspace/jerytodik-business/pom.xml.
2017-03-27 21:22:22,358 [Worker-20] INFO  o.e.m.j.i.AbstractJavaProjectConfigurator - Adding source folder /jerytodik-business/src/main/java
2017-03-27 21:22:22,358 [Worker-20] INFO  o.e.m.j.i.AbstractJavaProjectConfigurator - Adding resource folder /jerytodik-business/src/main/resources
2017-03-27 21:22:22,359 [Worker-20] INFO  o.e.m.j.i.AbstractJavaProjectConfigurator - Adding source folder /jerytodik-business/src/test/java
2017-03-27 21:22:22,359 [Worker-20] INFO  o.e.m.j.i.AbstractJavaProjectConfigurator - Adding resource folder /jerytodik-business/src/test/resources
2017-03-27 21:22:22,546 [Worker-26] WARN  o.e.m.c.i.embedder.EclipseLogger - Using platform encoding (UTF-8 actually) to copy filtered resources, i.e. build is platform dependent!
2017-03-27 21:22:22,547 [Worker-26] INFO  o.e.m.c.i.embedder.EclipseLogger - Copying 0 resource
2017-03-27 21:22:22,549 [Worker-26] WARN  o.e.m.c.i.embedder.EclipseLogger - Using platform encoding (UTF-8 actually) to copy filtered resources, i.e. build is platform dependent!
2017-03-27 21:22:22,549 [Worker-26] INFO  o.e.m.c.i.embedder.EclipseLogger - Copying 0 resource
2017-03-27 21:22:42,932 [Worker-23] INFO  o.e.m.c.i.l.LifecycleMappingFactory - Using NULL lifecycle mapping for MavenProject: mg.jerytodik:jerytodik-root:1.0-RELEASE @ /Users/andriantomanga/Desktop/workspace-one/jerytodik/workspace/jerytodik-root/pom.xml.
2017-03-27 21:23:26,764 [Worker-27] INFO  o.e.m.c.i.l.LifecycleMappingFactory - Using org.eclipse.m2e.jdt.JarLifecycleMapping lifecycle mapping for MavenProject: mg.jerytodik:jerytodik-business:1.0-RELEASE @ /Users/andriantomanga/Desktop/workspace-one/jerytodik/workspace/jerytodik-business/pom.xml.
2017-03-27 21:23:26,793 [Worker-27] INFO  o.e.m.c.i.embedder.EclipseLogger - Using 'UTF-8' encoding to copy filtered resources.
2017-03-27 21:23:26,793 [Worker-27] INFO  o.e.m.c.i.embedder.EclipseLogger - Copying 0 resource
2017-03-27 21:23:26,795 [Worker-27] INFO  o.e.m.c.i.embedder.EclipseLogger - Using 'UTF-8' encoding to copy filtered resources.
2017-03-27 21:23:26,795 [Worker-27] INFO  o.e.m.c.i.embedder.EclipseLogger - Copying 0 resource
2017-03-27 21:23:54,542 [Worker-23] INFO  o.e.m.c.i.p.ProjectConfigurationManager - Update started
2017-03-27 21:23:54,829 [Worker-23] INFO  o.e.m.c.i.l.LifecycleMappingFactory - Using org.eclipse.m2e.jdt.JarLifecycleMapping lifecycle mapping for MavenProject: mg.jerytodik:jerytodik-business:1.0-RELEASE @ /Users/andriantomanga/Desktop/workspace-one/jerytodik/workspace/jerytodik-business/pom.xml.
2017-03-27 21:23:54,851 [Worker-23] INFO  o.e.m.c.i.l.LifecycleMappingFactory - Using org.eclipse.m2e.jdt.JarLifecycleMapping lifecycle mapping for MavenProject: mg.jerytodik:jerytodik-common:1.0-RELEASE @ /Users/andriantomanga/Desktop/workspace-one/jerytodik/workspace/jerytodik-common/pom.xml.
2017-03-27 21:23:54,862 [Worker-23] INFO  o.e.m.c.i.l.LifecycleMappingFactory - Using NULL lifecycle mapping for MavenProject: mg.jerytodik:jerytodik-root:1.0-RELEASE @ /Users/andriantomanga/Desktop/workspace-one/jerytodik/workspace/jerytodik-root/pom.xml.
2017-03-27 21:23:54,996 [Worker-23] INFO  o.e.m.j.i.AbstractJavaProjectConfigurator - Adding source folder /jerytodik-business/src/main/java
2017-03-27 21:23:54,996 [Worker-23] INFO  o.e.m.j.i.AbstractJavaProjectConfigurator - Adding resource folder /jerytodik-business/src/main/resources
2017-03-27 21:23:54,999 [Worker-23] INFO  o.e.m.j.i.AbstractJavaProjectConfigurator - Adding source folder /jerytodik-business/src/test/java
2017-03-27 21:23:54,999 [Worker-23] INFO  o.e.m.j.i.AbstractJavaProjectConfigurator - Adding resource folder /jerytodik-business/src/test/resources
2017-03-27 21:23:55,028 [Worker-23] INFO  o.e.m.j.i.AbstractJavaProjectConfigurator - Adding source folder /jerytodik-common/src/main/java
2017-03-27 21:23:55,028 [Worker-23] INFO  o.e.m.j.i.AbstractJavaProjectConfigurator - Adding resource folder /jerytodik-common/src/main/resources
2017-03-27 21:23:55,029 [Worker-23] INFO  o.e.m.j.i.AbstractJavaProjectConfigurator - Adding source folder /jerytodik-common/src/test/java
2017-03-27 21:23:55,029 [Worker-23] INFO  o.e.m.j.i.AbstractJavaProjectConfigurator - Adding resource folder /jerytodik-common/src/test/resources
2017-03-27 21:23:55,100 [Worker-23] INFO  o.e.m.c.i.p.ProjectConfigurationManager - Update completed: 0 sec
2017-03-27 21:23:55,237 [Worker-28] INFO  o.e.m.c.i.embedder.EclipseLogger - Using 'UTF-8' encoding to copy filtered resources.
2017-03-27 21:23:55,238 [Worker-28] INFO  o.e.m.c.i.embedder.EclipseLogger - Copying 0 resource
2017-03-27 21:23:55,240 [Worker-28] INFO  o.e.m.c.i.embedder.EclipseLogger - Using 'UTF-8' encoding to copy filtered resources.
2017-03-27 21:23:55,240 [Worker-28] INFO  o.e.m.c.i.embedder.EclipseLogger - Copying 0 resource
2017-03-27 21:23:55,600 [Worker-28] INFO  o.e.m.c.i.embedder.EclipseLogger - Using 'UTF-8' encoding to copy filtered resources.
2017-03-27 21:23:55,601 [Worker-28] INFO  o.e.m.c.i.embedder.EclipseLogger - Copying 0 resource
2017-03-27 21:23:55,602 [Worker-28] INFO  o.e.m.c.i.embedder.EclipseLogger - Using 'UTF-8' encoding to copy filtered resources.
2017-03-27 21:23:55,603 [Worker-28] INFO  o.e.m.c.i.embedder.EclipseLogger - Copying 0 resource
2017-03-27 21:33:13,555 [Worker-29] INFO  o.e.m.c.i.l.LifecycleMappingFactory - Using org.eclipse.m2e.jdt.JarLifecycleMapping lifecycle mapping for MavenProject: mg.jerytodik:jerytodik-business:1.0-RELEASE @ /Users/andriantomanga/Desktop/workspace-one/jerytodik/workspace/jerytodik-business/pom.xml.
2017-03-27 21:33:13,768 [Worker-29] INFO  o.e.m.c.i.embedder.EclipseLogger - Using 'UTF-8' encoding to copy filtered resources.
2017-03-27 21:33:13,771 [Worker-29] INFO  o.e.m.c.i.embedder.EclipseLogger - Copying 0 resource
2017-03-27 21:33:13,772 [Worker-29] INFO  o.e.m.c.i.embedder.EclipseLogger - Using 'UTF-8' encoding to copy filtered resources.
2017-03-27 21:33:13,772 [Worker-29] INFO  o.e.m.c.i.embedder.EclipseLogger - Copying 0 resource
2017-03-27 21:33:15,014 [Worker-30] INFO  o.e.m.c.i.embedder.EclipseLogger - Using 'UTF-8' encoding to copy filtered resources.
2017-03-27 21:33:15,015 [Worker-30] INFO  o.e.m.c.i.embedder.EclipseLogger - Copying 0 resource
2017-03-27 21:33:15,017 [Worker-30] INFO  o.e.m.c.i.embedder.EclipseLogger - Using 'UTF-8' encoding to copy filtered resources.
2017-03-27 21:33:15,017 [Worker-30] INFO  o.e.m.c.i.embedder.EclipseLogger - Copying 0 resource
2017-03-27 21:34:39,471 [Worker-34] INFO  o.e.m.c.i.l.LifecycleMappingFactory - Using NULL lifecycle mapping for MavenProject: mg.jerytodik:jerytodik-root:1.0-RELEASE @ /Users/andriantomanga/Desktop/workspace-one/jerytodik/workspace/jerytodik-root/pom.xml.
2017-03-27 21:34:52,376 [Worker-32] INFO  o.e.m.c.i.l.LifecycleMappingFactory - Using NULL lifecycle mapping for MavenProject: mg.jerytodik:jerytodik-root:1.0-RELEASE @ /Users/andriantomanga/Desktop/workspace-one/jerytodik/workspace/jerytodik-root/pom.xml.
2017-03-27 21:35:02,646 [Worker-29] INFO  o.e.m.c.i.l.LifecycleMappingFactory - Using org.eclipse.m2e.jdt.JarLifecycleMapping lifecycle mapping for MavenProject: mg.jerytodik:jerytodik-business:1.0-RELEASE @ /Users/andriantomanga/Desktop/workspace-one/jerytodik/workspace/jerytodik-business/pom.xml.
2017-03-27 21:35:02,754 [Worker-29] INFO  o.e.m.c.i.embedder.EclipseLogger - Using 'UTF-8' encoding to copy filtered resources.
2017-03-27 21:35:02,755 [Worker-29] INFO  o.e.m.c.i.embedder.EclipseLogger - Copying 0 resource
2017-03-27 21:35:02,756 [Worker-29] INFO  o.e.m.c.i.embedder.EclipseLogger - Using 'UTF-8' encoding to copy filtered resources.
2017-03-27 21:35:02,756 [Worker-29] INFO  o.e.m.c.i.embedder.EclipseLogger - Copying 0 resource
2017-03-27 21:35:28,090 [Worker-30] INFO  o.e.m.c.i.l.LifecycleMappingFactory - Using NULL lifecycle mapping for MavenProject: mg.jerytodik:jerytodik-root:1.0-RELEASE @ /Users/andriantomanga/Desktop/workspace-one/jerytodik/workspace/jerytodik-root/pom.xml.
2017-03-27 21:35:39,474 [Worker-34] INFO  o.e.m.c.i.l.LifecycleMappingFactory - Using org.eclipse.m2e.jdt.JarLifecycleMapping lifecycle mapping for MavenProject: mg.jerytodik:jerytodik-business:1.0-RELEASE @ /Users/andriantomanga/Desktop/workspace-one/jerytodik/workspace/jerytodik-business/pom.xml.
2017-03-27 21:35:39,618 [Worker-34] INFO  o.e.m.c.i.embedder.EclipseLogger - Using 'UTF-8' encoding to copy filtered resources.
2017-03-27 21:35:39,619 [Worker-34] INFO  o.e.m.c.i.embedder.EclipseLogger - Copying 0 resource
2017-03-27 21:35:39,620 [Worker-34] INFO  o.e.m.c.i.embedder.EclipseLogger - Using 'UTF-8' encoding to copy filtered resources.
2017-03-27 21:35:39,621 [Worker-34] INFO  o.e.m.c.i.embedder.EclipseLogger - Copying 0 resource
2017-03-27 21:36:29,560 [Worker-31] INFO  o.e.m.c.i.l.LifecycleMappingFactory - Using org.eclipse.m2e.jdt.JarLifecycleMapping lifecycle mapping for MavenProject: mg.jerytodik:jerytodik-common:1.0-RELEASE @ /Users/andriantomanga/Desktop/workspace-one/jerytodik/workspace/jerytodik-common/pom.xml.
2017-03-27 21:36:29,594 [Worker-31] INFO  o.e.m.c.i.embedder.EclipseLogger - Using 'UTF-8' encoding to copy filtered resources.
2017-03-27 21:36:29,594 [Worker-31] INFO  o.e.m.c.i.embedder.EclipseLogger - Copying 0 resource
2017-03-27 21:36:29,595 [Worker-31] INFO  o.e.m.c.i.embedder.EclipseLogger - Using 'UTF-8' encoding to copy filtered resources.
2017-03-27 21:36:29,595 [Worker-31] INFO  o.e.m.c.i.embedder.EclipseLogger - Copying 0 resource
2017-03-27 21:36:30,731 [Worker-29] INFO  o.e.m.c.i.embedder.EclipseLogger - Using 'UTF-8' encoding to copy filtered resources.
2017-03-27 21:36:30,731 [Worker-29] INFO  o.e.m.c.i.embedder.EclipseLogger - Copying 0 resource
2017-03-27 21:36:30,739 [Worker-29] INFO  o.e.m.c.i.embedder.EclipseLogger - Using 'UTF-8' encoding to copy filtered resources.
2017-03-27 21:36:30,739 [Worker-29] INFO  o.e.m.c.i.embedder.EclipseLogger - Copying 0 resource
2017-03-27 21:37:26,432 [Worker-33] INFO  o.e.m.c.i.embedder.EclipseLogger - Using 'UTF-8' encoding to copy filtered resources.
2017-03-27 21:37:26,433 [Worker-33] INFO  o.e.m.c.i.embedder.EclipseLogger - Copying 0 resource
2017-03-27 21:37:26,435 [Worker-33] INFO  o.e.m.c.i.embedder.EclipseLogger - Using 'UTF-8' encoding to copy filtered resources.
2017-03-27 21:37:26,435 [Worker-33] INFO  o.e.m.c.i.embedder.EclipseLogger - Copying 0 resource
2017-03-27 21:37:27,536 [Worker-34] INFO  o.e.m.c.i.embedder.EclipseLogger - Using 'UTF-8' encoding to copy filtered resources.
2017-03-27 21:37:27,537 [Worker-34] INFO  o.e.m.c.i.embedder.EclipseLogger - Copying 0 resource
2017-03-27 21:37:27,538 [Worker-34] INFO  o.e.m.c.i.embedder.EclipseLogger - Using 'UTF-8' encoding to copy filtered resources.
2017-03-27 21:37:27,538 [Worker-34] INFO  o.e.m.c.i.embedder.EclipseLogger - Copying 0 resource
2017-03-27 21:37:27,544 [Worker-34] INFO  o.e.m.c.i.embedder.EclipseLogger - Using 'UTF-8' encoding to copy filtered resources.
2017-03-27 21:37:27,545 [Worker-34] INFO  o.e.m.c.i.embedder.EclipseLogger - Copying 0 resource
2017-03-27 21:37:27,546 [Worker-34] INFO  o.e.m.c.i.embedder.EclipseLogger - Using 'UTF-8' encoding to copy filtered resources.
2017-03-27 21:37:27,546 [Worker-34] INFO  o.e.m.c.i.embedder.EclipseLogger - Copying 0 resource
2017-03-27 21:38:24,219 [Worker-29] INFO  o.e.m.c.i.l.LifecycleMappingFactory - Using org.eclipse.m2e.jdt.JarLifecycleMapping lifecycle mapping for MavenProject: mg.jerytodik:jerytodik-common:1.0-RELEASE @ /Users/andriantomanga/Desktop/workspace-one/jerytodik/workspace/jerytodik-common/pom.xml.
2017-03-27 21:38:24,277 [Worker-29] INFO  o.e.m.c.i.embedder.EclipseLogger - Using 'UTF-8' encoding to copy filtered resources.
2017-03-27 21:38:24,277 [Worker-29] INFO  o.e.m.c.i.embedder.EclipseLogger - Copying 0 resource
2017-03-27 21:38:24,278 [Worker-29] INFO  o.e.m.c.i.embedder.EclipseLogger - Using 'UTF-8' encoding to copy filtered resources.
2017-03-27 21:38:24,279 [Worker-29] INFO  o.e.m.c.i.embedder.EclipseLogger - Copying 0 resource
2017-03-27 21:38:25,511 [Worker-31] INFO  o.e.m.c.i.embedder.EclipseLogger - Using 'UTF-8' encoding to copy filtered resources.
2017-03-27 21:38:25,511 [Worker-31] INFO  o.e.m.c.i.embedder.EclipseLogger - Copying 0 resource
2017-03-27 21:38:25,512 [Worker-31] INFO  o.e.m.c.i.embedder.EclipseLogger - Using 'UTF-8' encoding to copy filtered resources.
2017-03-27 21:38:25,512 [Worker-31] INFO  o.e.m.c.i.embedder.EclipseLogger - Copying 0 resource
2017-03-27 21:38:34,097 [Worker-33] INFO  o.e.m.c.i.embedder.EclipseLogger - Using 'UTF-8' encoding to copy filtered resources.
2017-03-27 21:38:34,098 [Worker-33] INFO  o.e.m.c.i.embedder.EclipseLogger - Copying 0 resource
2017-03-27 21:38:34,099 [Worker-33] INFO  o.e.m.c.i.embedder.EclipseLogger - Using 'UTF-8' encoding to copy filtered resources.
2017-03-27 21:38:34,099 [Worker-33] INFO  o.e.m.c.i.embedder.EclipseLogger - Copying 0 resource
2017-03-27 21:39:06,614 [Worker-35] INFO  o.e.m.c.i.embedder.EclipseLogger - Using 'UTF-8' encoding to copy filtered resources.
2017-03-27 21:39:06,615 [Worker-35] INFO  o.e.m.c.i.embedder.EclipseLogger - Copying 0 resource
2017-03-27 21:39:06,616 [Worker-35] INFO  o.e.m.c.i.embedder.EclipseLogger - Using 'UTF-8' encoding to copy filtered resources.
2017-03-27 21:39:06,616 [Worker-35] INFO  o.e.m.c.i.embedder.EclipseLogger - Copying 0 resource
2017-03-27 21:40:39,528 [Worker-32] INFO  o.e.m.c.i.embedder.EclipseLogger - Using 'UTF-8' encoding to copy filtered resources.
2017-03-27 21:40:39,528 [Worker-32] INFO  o.e.m.c.i.embedder.EclipseLogger - Copying 0 resource
2017-03-27 21:40:39,531 [Worker-32] INFO  o.e.m.c.i.embedder.EclipseLogger - Using 'UTF-8' encoding to copy filtered resources.
2017-03-27 21:40:39,531 [Worker-32] INFO  o.e.m.c.i.embedder.EclipseLogger - Copying 0 resource
2017-03-27 21:41:58,876 [Worker-31] INFO  o.e.m.c.i.embedder.EclipseLogger - Using 'UTF-8' encoding to copy filtered resources.
2017-03-27 21:41:58,877 [Worker-31] INFO  o.e.m.c.i.embedder.EclipseLogger - Copying 0 resource
2017-03-27 21:41:58,878 [Worker-31] INFO  o.e.m.c.i.embedder.EclipseLogger - Using 'UTF-8' encoding to copy filtered resources.
2017-03-27 21:41:58,878 [Worker-31] INFO  o.e.m.c.i.embedder.EclipseLogger - Copying 0 resource
2017-03-27 21:42:00,975 [Worker-33] INFO  o.e.m.c.i.embedder.EclipseLogger - Using 'UTF-8' encoding to copy filtered resources.
2017-03-27 21:42:00,976 [Worker-33] INFO  o.e.m.c.i.embedder.EclipseLogger - Copying 0 resource
2017-03-27 21:42:00,977 [Worker-33] INFO  o.e.m.c.i.embedder.EclipseLogger - Using 'UTF-8' encoding to copy filtered resources.
2017-03-27 21:42:00,977 [Worker-33] INFO  o.e.m.c.i.embedder.EclipseLogger - Copying 0 resource
2017-03-27 21:43:24,262 [Worker-34] INFO  o.e.m.c.i.embedder.EclipseLogger - Using 'UTF-8' encoding to copy filtered resources.
2017-03-27 21:43:24,263 [Worker-34] INFO  o.e.m.c.i.embedder.EclipseLogger - Copying 0 resource
2017-03-27 21:43:24,264 [Worker-34] INFO  o.e.m.c.i.embedder.EclipseLogger - Using 'UTF-8' encoding to copy filtered resources.
2017-03-27 21:43:24,265 [Worker-34] INFO  o.e.m.c.i.embedder.EclipseLogger - Copying 0 resource
2017-03-27 21:43:26,581 [Worker-32] INFO  o.e.m.c.i.embedder.EclipseLogger - Using 'UTF-8' encoding to copy filtered resources.
2017-03-27 21:43:26,582 [Worker-32] INFO  o.e.m.c.i.embedder.EclipseLogger - Copying 0 resource
2017-03-27 21:43:26,583 [Worker-32] INFO  o.e.m.c.i.embedder.EclipseLogger - Using 'UTF-8' encoding to copy filtered resources.
2017-03-27 21:43:26,584 [Worker-32] INFO  o.e.m.c.i.embedder.EclipseLogger - Copying 0 resource
2017-03-27 21:45:08,950 [Worker-34] INFO  o.e.m.c.i.embedder.EclipseLogger - Using 'UTF-8' encoding to copy filtered resources.
2017-03-27 21:45:08,950 [Worker-34] INFO  o.e.m.c.i.embedder.EclipseLogger - Copying 0 resource
2017-03-27 21:45:08,951 [Worker-34] INFO  o.e.m.c.i.embedder.EclipseLogger - Using 'UTF-8' encoding to copy filtered resources.
2017-03-27 21:45:08,952 [Worker-34] INFO  o.e.m.c.i.embedder.EclipseLogger - Copying 0 resource
2017-03-27 21:47:41,930 [Worker-34] INFO  o.e.m.c.i.embedder.EclipseLogger - Using 'UTF-8' encoding to copy filtered resources.
2017-03-27 21:47:41,930 [Worker-34] INFO  o.e.m.c.i.embedder.EclipseLogger - Copying 0 resource
2017-03-27 21:47:41,931 [Worker-34] INFO  o.e.m.c.i.embedder.EclipseLogger - Using 'UTF-8' encoding to copy filtered resources.
2017-03-27 21:47:41,932 [Worker-34] INFO  o.e.m.c.i.embedder.EclipseLogger - Copying 0 resource
2017-03-27 21:50:26,448 [ModalContext] INFO  o.e.m.c.i.embedder.EclipseLogger - Using 'UTF-8' encoding to copy filtered resources.
2017-03-27 21:50:26,450 [ModalContext] INFO  o.e.m.c.i.embedder.EclipseLogger - Copying 0 resource
2017-03-27 21:50:26,451 [ModalContext] INFO  o.e.m.c.i.embedder.EclipseLogger - Using 'UTF-8' encoding to copy filtered resources.
2017-03-27 21:50:26,451 [ModalContext] INFO  o.e.m.c.i.embedder.EclipseLogger - Copying 0 resource
2017-03-27 21:51:11,453 [Worker-38] INFO  o.e.m.c.i.embedder.EclipseLogger - Using 'UTF-8' encoding to copy filtered resources.
2017-03-27 21:51:11,454 [Worker-38] INFO  o.e.m.c.i.embedder.EclipseLogger - Copying 0 resource
2017-03-27 21:51:11,455 [Worker-38] INFO  o.e.m.c.i.embedder.EclipseLogger - Using 'UTF-8' encoding to copy filtered resources.
2017-03-27 21:51:11,455 [Worker-38] INFO  o.e.m.c.i.embedder.EclipseLogger - Copying 0 resource
2017-03-27 21:53:04,632 [Worker-40] INFO  o.e.m.c.i.embedder.EclipseLogger - Using 'UTF-8' encoding to copy filtered resources.
2017-03-27 21:53:04,633 [Worker-40] INFO  o.e.m.c.i.embedder.EclipseLogger - Copying 0 resource
2017-03-27 21:53:04,634 [Worker-40] INFO  o.e.m.c.i.embedder.EclipseLogger - Using 'UTF-8' encoding to copy filtered resources.
2017-03-27 21:53:04,634 [Worker-40] INFO  o.e.m.c.i.embedder.EclipseLogger - Copying 0 resource
2017-03-27 21:53:28,214 [ModalContext] INFO  o.e.m.c.i.embedder.EclipseLogger - Using 'UTF-8' encoding to copy filtered resources.
2017-03-27 21:53:28,214 [ModalContext] INFO  o.e.m.c.i.embedder.EclipseLogger - Copying 0 resource
2017-03-27 21:53:28,215 [ModalContext] INFO  o.e.m.c.i.embedder.EclipseLogger - Using 'UTF-8' encoding to copy filtered resources.
2017-03-27 21:53:28,216 [ModalContext] INFO  o.e.m.c.i.embedder.EclipseLogger - Copying 0 resource
2017-03-27 21:53:34,987 [Worker-38] INFO  o.e.m.c.i.embedder.EclipseLogger - Using 'UTF-8' encoding to copy filtered resources.
2017-03-27 21:53:34,987 [Worker-38] INFO  o.e.m.c.i.embedder.EclipseLogger - Copying 0 resource
2017-03-27 21:53:34,988 [Worker-38] INFO  o.e.m.c.i.embedder.EclipseLogger - Using 'UTF-8' encoding to copy filtered resources.
2017-03-27 21:53:34,989 [Worker-38] INFO  o.e.m.c.i.embedder.EclipseLogger - Copying 0 resource
2017-03-27 21:53:55,008 [Worker-34] INFO  o.e.m.c.i.embedder.EclipseLogger - Using 'UTF-8' encoding to copy filtered resources.
2017-03-27 21:53:55,008 [Worker-34] INFO  o.e.m.c.i.embedder.EclipseLogger - Copying 0 resource
2017-03-27 21:53:55,009 [Worker-34] INFO  o.e.m.c.i.embedder.EclipseLogger - Using 'UTF-8' encoding to copy filtered resources.
2017-03-27 21:53:55,009 [Worker-34] INFO  o.e.m.c.i.embedder.EclipseLogger - Copying 0 resource
2017-03-27 21:53:57,207 [Worker-38] INFO  o.e.m.c.i.embedder.EclipseLogger - Using 'UTF-8' encoding to copy filtered resources.
2017-03-27 21:53:57,207 [Worker-38] INFO  o.e.m.c.i.embedder.EclipseLogger - Copying 0 resource
2017-03-27 21:53:57,208 [Worker-38] INFO  o.e.m.c.i.embedder.EclipseLogger - Using 'UTF-8' encoding to copy filtered resources.
2017-03-27 21:53:57,208 [Worker-38] INFO  o.e.m.c.i.embedder.EclipseLogger - Copying 0 resource
2017-03-27 21:55:46,852 [Worker-41] INFO  o.e.m.c.i.embedder.EclipseLogger - Using 'UTF-8' encoding to copy filtered resources.
2017-03-27 21:55:46,852 [Worker-41] INFO  o.e.m.c.i.embedder.EclipseLogger - Copying 0 resource
2017-03-27 21:55:46,853 [Worker-41] INFO  o.e.m.c.i.embedder.EclipseLogger - Using 'UTF-8' encoding to copy filtered resources.
2017-03-27 21:55:46,854 [Worker-41] INFO  o.e.m.c.i.embedder.EclipseLogger - Copying 0 resource
2017-03-27 21:57:14,060 [Worker-41] INFO  o.e.m.c.i.embedder.EclipseLogger - Using 'UTF-8' encoding to copy filtered resources.
2017-03-27 21:57:14,061 [Worker-41] INFO  o.e.m.c.i.embedder.EclipseLogger - Copying 0 resource
2017-03-27 21:57:14,061 [Worker-41] INFO  o.e.m.c.i.embedder.EclipseLogger - Using 'UTF-8' encoding to copy filtered resources.
2017-03-27 21:57:14,061 [Worker-41] INFO  o.e.m.c.i.embedder.EclipseLogger - Copying 0 resource
2017-03-27 21:58:33,278 [Worker-41] INFO  o.e.m.c.i.embedder.EclipseLogger - Using 'UTF-8' encoding to copy filtered resources.
2017-03-27 21:58:33,278 [Worker-41] INFO  o.e.m.c.i.embedder.EclipseLogger - Copying 0 resource
2017-03-27 21:58:33,279 [Worker-41] INFO  o.e.m.c.i.embedder.EclipseLogger - Using 'UTF-8' encoding to copy filtered resources.
2017-03-27 21:58:33,279 [Worker-41] INFO  o.e.m.c.i.embedder.EclipseLogger - Copying 0 resource
2017-03-27 21:59:29,865 [Worker-41] INFO  o.e.m.c.i.embedder.EclipseLogger - Using 'UTF-8' encoding to copy filtered resources.
2017-03-27 21:59:29,865 [Worker-41] INFO  o.e.m.c.i.embedder.EclipseLogger - Copying 0 resource
2017-03-27 21:59:29,866 [Worker-41] INFO  o.e.m.c.i.embedder.EclipseLogger - Using 'UTF-8' encoding to copy filtered resources.
2017-03-27 21:59:29,866 [Worker-41] INFO  o.e.m.c.i.embedder.EclipseLogger - Copying 0 resource
2017-03-27 21:59:49,606 [Worker-41] INFO  o.e.m.c.i.embedder.EclipseLogger - Using 'UTF-8' encoding to copy filtered resources.
2017-03-27 21:59:49,606 [Worker-41] INFO  o.e.m.c.i.embedder.EclipseLogger - Copying 0 resource
2017-03-27 21:59:49,607 [Worker-41] INFO  o.e.m.c.i.embedder.EclipseLogger - Using 'UTF-8' encoding to copy filtered resources.
2017-03-27 21:59:49,607 [Worker-41] INFO  o.e.m.c.i.embedder.EclipseLogger - Copying 0 resource
2017-03-27 22:00:01,331 [Worker-41] INFO  o.e.m.c.i.embedder.EclipseLogger - Using 'UTF-8' encoding to copy filtered resources.
2017-03-27 22:00:01,332 [Worker-41] INFO  o.e.m.c.i.embedder.EclipseLogger - Copying 0 resource
2017-03-27 22:00:01,333 [Worker-41] INFO  o.e.m.c.i.embedder.EclipseLogger - Using 'UTF-8' encoding to copy filtered resources.
2017-03-27 22:00:01,333 [Worker-41] INFO  o.e.m.c.i.embedder.EclipseLogger - Copying 0 resource
2017-03-27 22:00:29,448 [Worker-44] INFO  o.e.m.c.i.embedder.EclipseLogger - Using 'UTF-8' encoding to copy filtered resources.
2017-03-27 22:00:29,449 [Worker-44] INFO  o.e.m.c.i.embedder.EclipseLogger - Copying 0 resource
2017-03-27 22:00:29,450 [Worker-44] INFO  o.e.m.c.i.embedder.EclipseLogger - Using 'UTF-8' encoding to copy filtered resources.
2017-03-27 22:00:29,450 [Worker-44] INFO  o.e.m.c.i.embedder.EclipseLogger - Copying 0 resource
2017-03-27 22:00:43,695 [Worker-43] INFO  o.e.m.c.i.embedder.EclipseLogger - Using 'UTF-8' encoding to copy filtered resources.
2017-03-27 22:00:43,696 [Worker-43] INFO  o.e.m.c.i.embedder.EclipseLogger - Copying 0 resource
2017-03-27 22:00:43,696 [Worker-43] INFO  o.e.m.c.i.embedder.EclipseLogger - Using 'UTF-8' encoding to copy filtered resources.
2017-03-27 22:00:43,697 [Worker-43] INFO  o.e.m.c.i.embedder.EclipseLogger - Copying 0 resource
2017-03-27 22:00:50,766 [Worker-47] INFO  o.e.m.c.i.embedder.EclipseLogger - Using 'UTF-8' encoding to copy filtered resources.
2017-03-27 22:00:50,767 [Worker-47] INFO  o.e.m.c.i.embedder.EclipseLogger - Copying 0 resource
2017-03-27 22:00:50,768 [Worker-47] INFO  o.e.m.c.i.embedder.EclipseLogger - Using 'UTF-8' encoding to copy filtered resources.
2017-03-27 22:00:50,768 [Worker-47] INFO  o.e.m.c.i.embedder.EclipseLogger - Copying 0 resource
2017-03-27 22:03:49,258 [Worker-46] INFO  o.e.m.c.i.embedder.EclipseLogger - Using 'UTF-8' encoding to copy filtered resources.
2017-03-27 22:03:49,258 [Worker-46] INFO  o.e.m.c.i.embedder.EclipseLogger - Copying 0 resource
2017-03-27 22:03:49,259 [Worker-46] INFO  o.e.m.c.i.embedder.EclipseLogger - Using 'UTF-8' encoding to copy filtered resources.
2017-03-27 22:03:49,259 [Worker-46] INFO  o.e.m.c.i.embedder.EclipseLogger - Copying 0 resource
2017-03-27 22:03:55,272 [Worker-49] INFO  o.e.m.c.i.embedder.EclipseLogger - Using 'UTF-8' encoding to copy filtered resources.
2017-03-27 22:03:55,273 [Worker-49] INFO  o.e.m.c.i.embedder.EclipseLogger - Copying 0 resource
2017-03-27 22:03:55,274 [Worker-49] INFO  o.e.m.c.i.embedder.EclipseLogger - Using 'UTF-8' encoding to copy filtered resources.
2017-03-27 22:03:55,275 [Worker-49] INFO  o.e.m.c.i.embedder.EclipseLogger - Copying 0 resource
2017-03-27 22:06:19,725 [Worker-44] INFO  o.e.m.c.i.embedder.EclipseLogger - Using 'UTF-8' encoding to copy filtered resources.
2017-03-27 22:06:19,725 [Worker-44] INFO  o.e.m.c.i.embedder.EclipseLogger - Copying 0 resource
2017-03-27 22:06:19,726 [Worker-44] INFO  o.e.m.c.i.embedder.EclipseLogger - Using 'UTF-8' encoding to copy filtered resources.
2017-03-27 22:06:19,726 [Worker-44] INFO  o.e.m.c.i.embedder.EclipseLogger - Copying 0 resource
2017-03-27 22:06:31,360 [Worker-46] INFO  o.e.m.c.i.embedder.EclipseLogger - Using 'UTF-8' encoding to copy filtered resources.
2017-03-27 22:06:31,360 [Worker-46] INFO  o.e.m.c.i.embedder.EclipseLogger - Copying 0 resource
2017-03-27 22:06:31,361 [Worker-46] INFO  o.e.m.c.i.embedder.EclipseLogger - Using 'UTF-8' encoding to copy filtered resources.
2017-03-27 22:06:31,361 [Worker-46] INFO  o.e.m.c.i.embedder.EclipseLogger - Copying 0 resource
2017-03-27 22:06:35,883 [Worker-46] INFO  o.e.m.c.i.embedder.EclipseLogger - Using 'UTF-8' encoding to copy filtered resources.
2017-03-27 22:06:35,883 [Worker-46] INFO  o.e.m.c.i.embedder.EclipseLogger - Copying 0 resource
2017-03-27 22:06:35,884 [Worker-46] INFO  o.e.m.c.i.embedder.EclipseLogger - Using 'UTF-8' encoding to copy filtered resources.
2017-03-27 22:06:35,884 [Worker-46] INFO  o.e.m.c.i.embedder.EclipseLogger - Copying 0 resource
2017-03-27 22:08:10,951 [Worker-50] INFO  o.e.m.c.i.embedder.EclipseLogger - Using 'UTF-8' encoding to copy filtered resources.
2017-03-27 22:08:10,952 [Worker-50] INFO  o.e.m.c.i.embedder.EclipseLogger - Copying 0 resource
2017-03-27 22:08:10,953 [Worker-50] INFO  o.e.m.c.i.embedder.EclipseLogger - Using 'UTF-8' encoding to copy filtered resources.
2017-03-27 22:08:10,953 [Worker-50] INFO  o.e.m.c.i.embedder.EclipseLogger - Copying 0 resource
2017-03-27 22:35:13,432 [Worker-62] INFO  o.e.m.c.i.l.LifecycleMappingFactory - Using NULL lifecycle mapping for MavenProject: mg.jerytodik:jerytodik-root:1.0-RELEASE @ /Users/andriantomanga/Desktop/workspace-one/jerytodik/workspace/jerytodik-root/pom.xml.
2017-03-27 22:35:28,856 [Worker-65] INFO  o.e.m.c.i.p.ProjectConfigurationManager - Update started
2017-03-27 22:35:29,180 [Worker-65] INFO  o.e.m.c.i.l.LifecycleMappingFactory - Using org.eclipse.m2e.jdt.JarLifecycleMapping lifecycle mapping for MavenProject: mg.jerytodik:jerytodik-business:1.0-RELEASE @ /Users/andriantomanga/Desktop/workspace-one/jerytodik/workspace/jerytodik-business/pom.xml.
2017-03-27 22:35:29,268 [Worker-65] INFO  o.e.m.c.i.l.LifecycleMappingFactory - Using org.eclipse.m2e.jdt.JarLifecycleMapping lifecycle mapping for MavenProject: mg.jerytodik:jerytodik-common:1.0-RELEASE @ /Users/andriantomanga/Desktop/workspace-one/jerytodik/workspace/jerytodik-common/pom.xml.
2017-03-27 22:35:29,282 [Worker-65] INFO  o.e.m.c.i.l.LifecycleMappingFactory - Using NULL lifecycle mapping for MavenProject: mg.jerytodik:jerytodik-root:1.0-RELEASE @ /Users/andriantomanga/Desktop/workspace-one/jerytodik/workspace/jerytodik-root/pom.xml.
2017-03-27 22:35:29,427 [Worker-65] INFO  o.e.m.j.i.AbstractJavaProjectConfigurator - Adding source folder /jerytodik-business/src/main/java
2017-03-27 22:35:29,427 [Worker-65] INFO  o.e.m.j.i.AbstractJavaProjectConfigurator - Adding resource folder /jerytodik-business/src/main/resources
2017-03-27 22:35:29,427 [Worker-65] INFO  o.e.m.j.i.AbstractJavaProjectConfigurator - Adding source folder /jerytodik-business/src/test/java
2017-03-27 22:35:29,427 [Worker-65] INFO  o.e.m.j.i.AbstractJavaProjectConfigurator - Adding resource folder /jerytodik-business/src/test/resources
2017-03-27 22:35:29,477 [Worker-65] INFO  o.e.m.j.i.AbstractJavaProjectConfigurator - Adding source folder /jerytodik-common/src/main/java
2017-03-27 22:35:29,477 [Worker-65] INFO  o.e.m.j.i.AbstractJavaProjectConfigurator - Adding resource folder /jerytodik-common/src/main/resources
2017-03-27 22:35:29,478 [Worker-65] INFO  o.e.m.j.i.AbstractJavaProjectConfigurator - Adding source folder /jerytodik-common/src/test/java
2017-03-27 22:35:29,478 [Worker-65] INFO  o.e.m.j.i.AbstractJavaProjectConfigurator - Adding resource folder /jerytodik-common/src/test/resources
2017-03-27 22:35:29,605 [Worker-65] INFO  o.e.m.c.i.p.ProjectConfigurationManager - Update completed: 0 sec
2017-03-27 22:35:29,839 [Worker-62] INFO  o.e.m.c.i.embedder.EclipseLogger - Using 'UTF-8' encoding to copy filtered resources.
2017-03-27 22:35:29,839 [Worker-62] INFO  o.e.m.c.i.embedder.EclipseLogger - Copying 0 resource
2017-03-27 22:35:29,843 [Worker-62] INFO  o.e.m.c.i.embedder.EclipseLogger - Using 'UTF-8' encoding to copy filtered resources.
2017-03-27 22:35:29,843 [Worker-62] INFO  o.e.m.c.i.embedder.EclipseLogger - Copying 0 resource
2017-03-27 22:35:30,231 [Worker-62] INFO  o.e.m.c.i.embedder.EclipseLogger - Using 'UTF-8' encoding to copy filtered resources.
2017-03-27 22:35:30,231 [Worker-62] INFO  o.e.m.c.i.embedder.EclipseLogger - Copying 0 resource
2017-03-27 22:35:30,231 [Worker-62] INFO  o.e.m.c.i.embedder.EclipseLogger - Using 'UTF-8' encoding to copy filtered resources.
2017-03-27 22:35:30,232 [Worker-62] INFO  o.e.m.c.i.embedder.EclipseLogger - Copying 0 resource
2017-03-27 22:45:21,521 [Worker-71] INFO  o.e.m.c.i.l.LifecycleMappingFactory - Using NULL lifecycle mapping for MavenProject: mg.jerytodik:jerytodik-root:1.0-RELEASE @ /Users/andriantomanga/Desktop/workspace-one/jerytodik/workspace/jerytodik-root/pom.xml.
2017-03-27 22:45:38,404 [Worker-71] INFO  o.e.m.c.i.l.LifecycleMappingFactory - Using NULL lifecycle mapping for MavenProject: mg.jerytodik:jerytodik-root:1.0-RELEASE @ /Users/andriantomanga/Desktop/workspace-one/jerytodik/workspace/jerytodik-root/pom.xml.
2017-03-28 19:39:03,202 [Worker-165] INFO  o.e.m.c.i.embedder.EclipseLogger - Using 'UTF-8' encoding to copy filtered resources.
2017-03-28 19:39:03,206 [Worker-165] INFO  o.e.m.c.i.embedder.EclipseLogger - Copying 0 resource
2017-03-28 19:39:03,207 [Worker-165] INFO  o.e.m.c.i.embedder.EclipseLogger - Using 'UTF-8' encoding to copy filtered resources.
2017-03-28 19:39:03,207 [Worker-165] INFO  o.e.m.c.i.embedder.EclipseLogger - Copying 0 resource
2017-03-28 19:39:04,218 [Worker-163] INFO  o.e.m.c.i.embedder.EclipseLogger - Using 'UTF-8' encoding to copy filtered resources.
2017-03-28 19:39:04,219 [Worker-163] INFO  o.e.m.c.i.embedder.EclipseLogger - Copying 0 resource
2017-03-28 19:39:04,219 [Worker-163] INFO  o.e.m.c.i.embedder.EclipseLogger - Using 'UTF-8' encoding to copy filtered resources.
2017-03-28 19:39:04,220 [Worker-163] INFO  o.e.m.c.i.embedder.EclipseLogger - Copying 0 resource
2017-03-28 20:52:41,693 [Worker-197] INFO  o.e.m.c.i.l.LifecycleMappingFactory - Using NULL lifecycle mapping for MavenProject: mg.jerytodik:jerytodik-root:1.0-RELEASE @ /Users/andriantomanga/Desktop/workspace-one/jerytodik/workspace/jerytodik-root/pom.xml.
2017-03-28 20:52:54,552 [Worker-189] INFO  o.e.m.c.i.p.ProjectConfigurationManager - Update started
2017-03-28 20:52:54,936 [Worker-189] INFO  o.e.m.c.i.l.LifecycleMappingFactory - Using org.eclipse.m2e.jdt.JarLifecycleMapping lifecycle mapping for MavenProject: mg.jerytodik:jerytodik-business:1.0-RELEASE @ /Users/andriantomanga/Desktop/workspace-one/jerytodik/workspace/jerytodik-business/pom.xml.
2017-03-28 20:52:55,077 [Worker-189] INFO  o.e.m.c.i.l.LifecycleMappingFactory - Using org.eclipse.m2e.jdt.JarLifecycleMapping lifecycle mapping for MavenProject: mg.jerytodik:jerytodik-common:1.0-RELEASE @ /Users/andriantomanga/Desktop/workspace-one/jerytodik/workspace/jerytodik-common/pom.xml.
2017-03-28 20:52:55,103 [Worker-189] INFO  o.e.m.c.i.l.LifecycleMappingFactory - Using NULL lifecycle mapping for MavenProject: mg.jerytodik:jerytodik-root:1.0-RELEASE @ /Users/andriantomanga/Desktop/workspace-one/jerytodik/workspace/jerytodik-root/pom.xml.
2017-03-28 20:52:55,611 [Worker-189] INFO  o.e.m.j.i.AbstractJavaProjectConfigurator - Adding source folder /jerytodik-business/src/main/java
2017-03-28 20:52:55,612 [Worker-189] INFO  o.e.m.j.i.AbstractJavaProjectConfigurator - Adding resource folder /jerytodik-business/src/main/resources
2017-03-28 20:52:55,612 [Worker-189] INFO  o.e.m.j.i.AbstractJavaProjectConfigurator - Adding source folder /jerytodik-business/src/test/java
2017-03-28 20:52:55,612 [Worker-189] INFO  o.e.m.j.i.AbstractJavaProjectConfigurator - Adding resource folder /jerytodik-business/src/test/resources
2017-03-28 20:52:55,648 [Worker-189] INFO  o.e.m.j.i.AbstractJavaProjectConfigurator - Adding source folder /jerytodik-common/src/main/java
2017-03-28 20:52:55,648 [Worker-189] INFO  o.e.m.j.i.AbstractJavaProjectConfigurator - Adding resource folder /jerytodik-common/src/main/resources
2017-03-28 20:52:55,649 [Worker-189] INFO  o.e.m.j.i.AbstractJavaProjectConfigurator - Adding source folder /jerytodik-common/src/test/java
2017-03-28 20:52:55,649 [Worker-189] INFO  o.e.m.j.i.AbstractJavaProjectConfigurator - Adding resource folder /jerytodik-common/src/test/resources
2017-03-28 20:52:55,734 [Worker-189] INFO  o.e.m.c.i.p.ProjectConfigurationManager - Update completed: 1 sec
2017-03-28 20:52:55,953 [Worker-189] INFO  o.e.m.c.i.embedder.EclipseLogger - Using 'UTF-8' encoding to copy filtered resources.
2017-03-28 20:52:55,953 [Worker-189] INFO  o.e.m.c.i.embedder.EclipseLogger - Copying 0 resource
2017-03-28 20:52:55,956 [Worker-189] INFO  o.e.m.c.i.embedder.EclipseLogger - Using 'UTF-8' encoding to copy filtered resources.
2017-03-28 20:52:55,957 [Worker-189] INFO  o.e.m.c.i.embedder.EclipseLogger - Copying 0 resource
2017-03-28 20:52:56,053 [Worker-189] INFO  o.e.m.c.i.embedder.EclipseLogger - Using 'UTF-8' encoding to copy filtered resources.
2017-03-28 20:52:56,054 [Worker-189] INFO  o.e.m.c.i.embedder.EclipseLogger - Copying 0 resource
2017-03-28 20:52:56,054 [Worker-189] INFO  o.e.m.c.i.embedder.EclipseLogger - Using 'UTF-8' encoding to copy filtered resources.
2017-03-28 20:52:56,054 [Worker-189] INFO  o.e.m.c.i.embedder.EclipseLogger - Copying 0 resource
2017-03-28 20:59:20,658 [Worker-200] INFO  o.e.m.c.i.l.LifecycleMappingFactory - Using NULL lifecycle mapping for MavenProject: mg.jerytodik:jerytodik-root:1.0-RELEASE @ /Users/andriantomanga/Desktop/workspace-one/jerytodik/workspace/jerytodik-root/pom.xml.
2017-03-28 20:59:44,625 [Worker-203] INFO  o.e.m.c.i.l.LifecycleMappingFactory - Using NULL lifecycle mapping for MavenProject: mg.jerytodik:jerytodik-root:1.0-RELEASE @ /Users/andriantomanga/Desktop/workspace-one/jerytodik/workspace/jerytodik-root/pom.xml.
2017-03-28 21:21:41,331 [Worker-209] INFO  o.e.m.c.i.l.LifecycleMappingFactory - Using NULL lifecycle mapping for MavenProject: mg.jerytodik:jerytodik-root:1.0-RELEASE @ /Users/andriantomanga/Desktop/workspace-one/jerytodik/workspace/jerytodik-root/pom.xml.
2017-03-28 21:26:31,651 [Worker-209] INFO  o.e.m.c.i.l.LifecycleMappingFactory - Using NULL lifecycle mapping for MavenProject: mg.jerytodik:jerytodik-root:1.0-RELEASE @ /Users/andriantomanga/Desktop/workspace-one/jerytodik/workspace/jerytodik-root/pom.xml.
2017-03-28 21:27:40,399 [Worker-222] INFO  o.e.m.c.i.l.LifecycleMappingFactory - Using NULL lifecycle mapping for MavenProject: mg.jerytodik:jerytodik-root:1.0-RELEASE @ /Users/andriantomanga/Desktop/workspace-one/jerytodik/workspace/jerytodik-root/pom.xml.
2017-03-28 21:28:52,556 [Worker-209] INFO  o.e.m.c.i.l.LifecycleMappingFactory - Using NULL lifecycle mapping for MavenProject: mg.jerytodik:jerytodik-root:1.0-RELEASE @ /Users/andriantomanga/Desktop/workspace-one/jerytodik/workspace/jerytodik-root/pom.xml.
2017-03-28 21:29:37,975 [Worker-218] INFO  o.e.m.c.i.e.AbstractTransferListenerAdapter - Downloading https://repo.maven.apache.org/maven2/org/apache/maven/plugins/maven-compiler-plugin/3.6.1/maven-compiler-plugin-3.6.1.jar
2017-03-28 21:29:38,023 [Worker-218] INFO  o.e.m.c.i.e.AbstractTransferListenerAdapter - Downloaded https://repo.maven.apache.org/maven2/org/apache/maven/plugins/maven-compiler-plugin/3.6.1/maven-compiler-plugin-3.6.1.jar
2017-03-28 21:29:38,078 [Worker-218] INFO  o.e.m.c.i.e.AbstractTransferListenerAdapter - Downloading https://repo.maven.apache.org/maven2/org/apache/maven/plugins/maven-compiler-plugin/3.6.1/maven-compiler-plugin-3.6.1.pom
2017-03-28 21:29:38,096 [Worker-218] INFO  o.e.m.c.i.e.AbstractTransferListenerAdapter - Downloaded https://repo.maven.apache.org/maven2/org/apache/maven/plugins/maven-compiler-plugin/3.6.1/maven-compiler-plugin-3.6.1.pom
2017-03-28 21:29:38,233 [Worker-218] INFO  o.e.m.c.i.e.AbstractTransferListenerAdapter - Downloading https://repo.maven.apache.org/maven2/org/apache/maven/shared/maven-shared-utils/3.1.0/maven-shared-utils-3.1.0.pom
2017-03-28 21:29:38,258 [Worker-218] INFO  o.e.m.c.i.e.AbstractTransferListenerAdapter - Downloaded https://repo.maven.apache.org/maven2/org/apache/maven/shared/maven-shared-utils/3.1.0/maven-shared-utils-3.1.0.pom
2017-03-28 21:29:38,353 [Worker-218] INFO  o.e.m.c.i.e.AbstractTransferListenerAdapter - Downloading https://repo.maven.apache.org/maven2/org/ow2/asm/asm/6.0_ALPHA/asm-6.0_ALPHA.pom
2017-03-28 21:29:38,380 [Worker-218] INFO  o.e.m.c.i.e.AbstractTransferListenerAdapter - Downloaded https://repo.maven.apache.org/maven2/org/ow2/asm/asm/6.0_ALPHA/asm-6.0_ALPHA.pom
2017-03-28 21:29:38,403 [Worker-218] INFO  o.e.m.c.i.e.AbstractTransferListenerAdapter - Downloading https://repo.maven.apache.org/maven2/org/ow2/asm/asm-parent/6.0_ALPHA/asm-parent-6.0_ALPHA.pom
2017-03-28 21:29:38,428 [Worker-218] INFO  o.e.m.c.i.e.AbstractTransferListenerAdapter - Downloaded https://repo.maven.apache.org/maven2/org/ow2/asm/asm-parent/6.0_ALPHA/asm-parent-6.0_ALPHA.pom
2017-03-28 21:29:38,456 [Worker-218] INFO  o.e.m.c.i.e.AbstractTransferListenerAdapter - Downloading https://repo.maven.apache.org/maven2/com/thoughtworks/qdox/qdox/2.0-M5/qdox-2.0-M5.pom
2017-03-28 21:29:38,481 [Worker-218] INFO  o.e.m.c.i.e.AbstractTransferListenerAdapter - Downloaded https://repo.maven.apache.org/maven2/com/thoughtworks/qdox/qdox/2.0-M5/qdox-2.0-M5.pom
2017-03-28 21:29:38,507 [Worker-218] INFO  o.e.m.c.i.e.AbstractTransferListenerAdapter - Downloading https://repo.maven.apache.org/maven2/org/codehaus/plexus/plexus-compiler-api/2.8.1/plexus-compiler-api-2.8.1.pom
2017-03-28 21:29:38,525 [Worker-218] INFO  o.e.m.c.i.e.AbstractTransferListenerAdapter - Downloaded https://repo.maven.apache.org/maven2/org/codehaus/plexus/plexus-compiler-api/2.8.1/plexus-compiler-api-2.8.1.pom
2017-03-28 21:29:38,543 [Worker-218] INFO  o.e.m.c.i.e.AbstractTransferListenerAdapter - Downloading https://repo.maven.apache.org/maven2/org/codehaus/plexus/plexus-compiler/2.8.1/plexus-compiler-2.8.1.pom
2017-03-28 21:29:38,564 [Worker-218] INFO  o.e.m.c.i.e.AbstractTransferListenerAdapter - Downloaded https://repo.maven.apache.org/maven2/org/codehaus/plexus/plexus-compiler/2.8.1/plexus-compiler-2.8.1.pom
2017-03-28 21:29:38,593 [Worker-218] INFO  o.e.m.c.i.e.AbstractTransferListenerAdapter - Downloading https://repo.maven.apache.org/maven2/org/codehaus/plexus/plexus-compiler-manager/2.8.1/plexus-compiler-manager-2.8.1.pom
2017-03-28 21:29:38,610 [Worker-218] INFO  o.e.m.c.i.e.AbstractTransferListenerAdapter - Downloaded https://repo.maven.apache.org/maven2/org/codehaus/plexus/plexus-compiler-manager/2.8.1/plexus-compiler-manager-2.8.1.pom
2017-03-28 21:29:38,630 [Worker-218] INFO  o.e.m.c.i.e.AbstractTransferListenerAdapter - Downloading https://repo.maven.apache.org/maven2/org/codehaus/plexus/plexus-compiler-javac/2.8.1/plexus-compiler-javac-2.8.1.pom
2017-03-28 21:29:38,648 [Worker-218] INFO  o.e.m.c.i.e.AbstractTransferListenerAdapter - Downloaded https://repo.maven.apache.org/maven2/org/codehaus/plexus/plexus-compiler-javac/2.8.1/plexus-compiler-javac-2.8.1.pom
2017-03-28 21:29:38,669 [Worker-218] INFO  o.e.m.c.i.e.AbstractTransferListenerAdapter - Downloading https://repo.maven.apache.org/maven2/org/codehaus/plexus/plexus-compilers/2.8.1/plexus-compilers-2.8.1.pom
2017-03-28 21:29:38,688 [Worker-218] INFO  o.e.m.c.i.e.AbstractTransferListenerAdapter - Downloaded https://repo.maven.apache.org/maven2/org/codehaus/plexus/plexus-compilers/2.8.1/plexus-compilers-2.8.1.pom
2017-03-28 21:29:38,728 [Worker-218] INFO  o.e.m.c.i.e.AbstractTransferListenerAdapter - Downloading https://repo.maven.apache.org/maven2/org/apache/maven/shared/maven-shared-utils/3.1.0/maven-shared-utils-3.1.0.jar
2017-03-28 21:29:38,784 [Worker-218] INFO  o.e.m.c.i.e.AbstractTransferListenerAdapter - Downloaded https://repo.maven.apache.org/maven2/org/apache/maven/shared/maven-shared-utils/3.1.0/maven-shared-utils-3.1.0.jar
2017-03-28 21:29:38,803 [Worker-218] INFO  o.e.m.c.i.e.AbstractTransferListenerAdapter - Downloading https://repo.maven.apache.org/maven2/org/ow2/asm/asm/6.0_ALPHA/asm-6.0_ALPHA.jar
2017-03-28 21:29:38,826 [Worker-218] INFO  o.e.m.c.i.e.AbstractTransferListenerAdapter - Downloaded https://repo.maven.apache.org/maven2/org/ow2/asm/asm/6.0_ALPHA/asm-6.0_ALPHA.jar
2017-03-28 21:29:38,842 [Worker-218] INFO  o.e.m.c.i.e.AbstractTransferListenerAdapter - Downloading https://repo.maven.apache.org/maven2/com/thoughtworks/qdox/qdox/2.0-M5/qdox-2.0-M5.jar
2017-03-28 21:29:38,919 [Worker-218] INFO  o.e.m.c.i.e.AbstractTransferListenerAdapter - Downloaded https://repo.maven.apache.org/maven2/com/thoughtworks/qdox/qdox/2.0-M5/qdox-2.0-M5.jar
2017-03-28 21:29:38,937 [Worker-218] INFO  o.e.m.c.i.e.AbstractTransferListenerAdapter - Downloading https://repo.maven.apache.org/maven2/org/codehaus/plexus/plexus-compiler-api/2.8.1/plexus-compiler-api-2.8.1.jar
2017-03-28 21:29:38,956 [Worker-218] INFO  o.e.m.c.i.e.AbstractTransferListenerAdapter - Downloaded https://repo.maven.apache.org/maven2/org/codehaus/plexus/plexus-compiler-api/2.8.1/plexus-compiler-api-2.8.1.jar
2017-03-28 21:29:38,972 [Worker-218] INFO  o.e.m.c.i.e.AbstractTransferListenerAdapter - Downloading https://repo.maven.apache.org/maven2/org/codehaus/plexus/plexus-compiler-manager/2.8.1/plexus-compiler-manager-2.8.1.jar
2017-03-28 21:29:38,994 [Worker-218] INFO  o.e.m.c.i.e.AbstractTransferListenerAdapter - Downloaded https://repo.maven.apache.org/maven2/org/codehaus/plexus/plexus-compiler-manager/2.8.1/plexus-compiler-manager-2.8.1.jar
2017-03-28 21:29:39,010 [Worker-218] INFO  o.e.m.c.i.e.AbstractTransferListenerAdapter - Downloading https://repo.maven.apache.org/maven2/org/codehaus/plexus/plexus-compiler-javac/2.8.1/plexus-compiler-javac-2.8.1.jar
2017-03-28 21:29:39,032 [Worker-218] INFO  o.e.m.c.i.e.AbstractTransferListenerAdapter - Downloaded https://repo.maven.apache.org/maven2/org/codehaus/plexus/plexus-compiler-javac/2.8.1/plexus-compiler-javac-2.8.1.jar
2017-03-28 21:29:39,160 [Worker-218] INFO  o.e.m.c.i.l.LifecycleMappingFactory - Using org.eclipse.m2e.jdt.JarLifecycleMapping lifecycle mapping for MavenProject: mg.jerytodik:jerytodik-business:1.0-RELEASE @ /Users/andriantomanga/Desktop/workspace-one/jerytodik/workspace/jerytodik-business/pom.xml.
2017-03-28 21:29:39,292 [Worker-218] INFO  o.e.m.c.i.embedder.EclipseLogger - Using 'UTF-8' encoding to copy filtered resources.
2017-03-28 21:29:39,296 [Worker-218] INFO  o.e.m.c.i.embedder.EclipseLogger - Copying 0 resource
2017-03-28 21:29:39,297 [Worker-218] INFO  o.e.m.c.i.embedder.EclipseLogger - Using 'UTF-8' encoding to copy filtered resources.
2017-03-28 21:29:39,297 [Worker-218] INFO  o.e.m.c.i.embedder.EclipseLogger - Copying 0 resource
2017-03-28 21:29:46,363 [Worker-222] INFO  o.e.m.c.i.l.LifecycleMappingFactory - Using org.eclipse.m2e.jdt.JarLifecycleMapping lifecycle mapping for MavenProject: mg.jerytodik:jerytodik-common:1.0-RELEASE @ /Users/andriantomanga/Desktop/workspace-one/jerytodik/workspace/jerytodik-common/pom.xml.
2017-03-28 21:29:46,430 [Worker-222] INFO  o.e.m.c.i.embedder.EclipseLogger - Using 'UTF-8' encoding to copy filtered resources.
2017-03-28 21:29:46,431 [Worker-222] INFO  o.e.m.c.i.embedder.EclipseLogger - Copying 0 resource
2017-03-28 21:29:46,432 [Worker-222] INFO  o.e.m.c.i.embedder.EclipseLogger - Using 'UTF-8' encoding to copy filtered resources.
2017-03-28 21:29:46,432 [Worker-222] INFO  o.e.m.c.i.embedder.EclipseLogger - Copying 0 resource
2017-03-28 21:30:01,591 [Worker-222] INFO  o.e.m.c.i.p.ProjectConfigurationManager - Update started
2017-03-28 21:30:01,881 [Worker-222] INFO  o.e.m.c.i.l.LifecycleMappingFactory - Using org.eclipse.m2e.jdt.JarLifecycleMapping lifecycle mapping for MavenProject: mg.jerytodik:jerytodik-business:1.0-RELEASE @ /Users/andriantomanga/Desktop/workspace-one/jerytodik/workspace/jerytodik-business/pom.xml.
2017-03-28 21:30:01,969 [Worker-222] INFO  o.e.m.c.i.l.LifecycleMappingFactory - Using org.eclipse.m2e.jdt.JarLifecycleMapping lifecycle mapping for MavenProject: mg.jerytodik:jerytodik-common:1.0-RELEASE @ /Users/andriantomanga/Desktop/workspace-one/jerytodik/workspace/jerytodik-common/pom.xml.
2017-03-28 21:30:01,981 [Worker-222] INFO  o.e.m.c.i.l.LifecycleMappingFactory - Using NULL lifecycle mapping for MavenProject: mg.jerytodik:jerytodik-root:1.0-RELEASE @ /Users/andriantomanga/Desktop/workspace-one/jerytodik/workspace/jerytodik-root/pom.xml.
2017-03-28 21:30:02,319 [Worker-222] INFO  o.e.m.j.i.AbstractJavaProjectConfigurator - Adding source folder /jerytodik-business/src/main/java
2017-03-28 21:30:02,319 [Worker-222] INFO  o.e.m.j.i.AbstractJavaProjectConfigurator - Adding resource folder /jerytodik-business/src/main/resources
2017-03-28 21:30:02,319 [Worker-222] INFO  o.e.m.j.i.AbstractJavaProjectConfigurator - Adding source folder /jerytodik-business/src/test/java
2017-03-28 21:30:02,320 [Worker-222] INFO  o.e.m.j.i.AbstractJavaProjectConfigurator - Adding resource folder /jerytodik-business/src/test/resources
2017-03-28 21:30:02,348 [Worker-222] INFO  o.e.m.j.i.AbstractJavaProjectConfigurator - Adding source folder /jerytodik-common/src/main/java
2017-03-28 21:30:02,348 [Worker-222] INFO  o.e.m.j.i.AbstractJavaProjectConfigurator - Adding resource folder /jerytodik-common/src/main/resources
2017-03-28 21:30:02,349 [Worker-222] INFO  o.e.m.j.i.AbstractJavaProjectConfigurator - Adding source folder /jerytodik-common/src/test/java
2017-03-28 21:30:02,349 [Worker-222] INFO  o.e.m.j.i.AbstractJavaProjectConfigurator - Adding resource folder /jerytodik-common/src/test/resources
2017-03-28 21:30:02,409 [Worker-222] INFO  o.e.m.c.i.p.ProjectConfigurationManager - Update completed: 0 sec
2017-03-28 21:30:02,659 [Worker-226] INFO  o.e.m.c.i.embedder.EclipseLogger - Using 'UTF-8' encoding to copy filtered resources.
2017-03-28 21:30:02,660 [Worker-226] INFO  o.e.m.c.i.embedder.EclipseLogger - Copying 0 resource
2017-03-28 21:30:02,662 [Worker-226] INFO  o.e.m.c.i.embedder.EclipseLogger - Using 'UTF-8' encoding to copy filtered resources.
2017-03-28 21:30:02,662 [Worker-226] INFO  o.e.m.c.i.embedder.EclipseLogger - Copying 0 resource
2017-03-28 21:30:02,776 [Worker-226] INFO  o.e.m.c.i.embedder.EclipseLogger - Using 'UTF-8' encoding to copy filtered resources.
2017-03-28 21:30:02,776 [Worker-226] INFO  o.e.m.c.i.embedder.EclipseLogger - Copying 0 resource
2017-03-28 21:30:02,777 [Worker-226] INFO  o.e.m.c.i.embedder.EclipseLogger - Using 'UTF-8' encoding to copy filtered resources.
2017-03-28 21:30:02,777 [Worker-226] INFO  o.e.m.c.i.embedder.EclipseLogger - Copying 0 resource
